C:\USERS\JROWLEY\DESKTOP\STAR WARS\GAMESOLUTION\GAME\DEBUG\ASTEROID.OBJ
C:\USERS\JROWLEY\DESKTOP\STAR WARS\GAMESOLUTION\GAME\DEBUG\MAIN.OBJ
C:\USERS\JROWLEY\DESKTOP\STAR WARS\GAMESOLUTION\GAME\DEBUG\XWING.OBJ
C:\USERS\JROWLEY\DESKTOP\STAR WARS\GAMESOLUTION\GAME\DEBUG\REBELLAZER.OBJ
C:\USERS\JROWLEY\DESKTOP\STAR WARS\GAMESOLUTION\GAME\DEBUG\VC110.PDB
C:\Users\jrowley\Desktop\Star Wars\GameSolution\Debug\Game.lib
C:\Users\jrowley\Desktop\Star Wars\GameSolution\Debug\Game.exp
C:\USERS\JROWLEY\DESKTOP\STAR WARS\GAMESOLUTION\DEBUG\GAME.ILK
C:\USERS\JROWLEY\DESKTOP\STAR WARS\GAMESOLUTION\DEBUG\GAME.EXE
C:\USERS\JROWLEY\DESKTOP\STAR WARS\GAMESOLUTION\DEBUG\GAME.PDB
C:\Users\jrowley\Desktop\Star Wars\GameSolution\Game\Debug\Asteroid.obj
C:\Users\jrowley\Desktop\Star Wars\GameSolution\Game\Debug\main.obj
C:\Users\jrowley\Desktop\Star Wars\GameSolution\Game\Debug\RebelLazer.obj
C:\Users\jrowley\Desktop\Star Wars\GameSolution\Game\Debug\XWing.obj
C:\Users\jrowley\Desktop\Star Wars\GameSolution\Game\Debug\cl.command.1.tlog
C:\Users\jrowley\Desktop\Star Wars\GameSolution\Game\Debug\CL.read.1.tlog
C:\Users\jrowley\Desktop\Star Wars\GameSolution\Game\Debug\CL.write.1.tlog
C:\Users\jrowley\Desktop\Star Wars\GameSolution\Game\Debug\Game.write.1.tlog
C:\Users\jrowley\Desktop\Star Wars\GameSolution\Game\Debug\link-cvtres.read.1.tlog
C:\Users\jrowley\Desktop\Star Wars\GameSolution\Game\Debug\link-cvtres.write.1.tlog
C:\Users\jrowley\Desktop\Star Wars\GameSolution\Game\Debug\link-rc.read.1.tlog
C:\Users\jrowley\Desktop\Star Wars\GameSolution\Game\Debug\link-rc.write.1.tlog
C:\Users\jrowley\Desktop\Star Wars\GameSolution\Game\Debug\link.14816-cvtres.read.1.tlog
C:\Users\jrowley\Desktop\Star Wars\GameSolution\Game\Debug\link.14816-cvtres.write.1.tlog
C:\Users\jrowley\Desktop\Star Wars\GameSolution\Game\Debug\link.14816-rc.read.1.tlog
C:\Users\jrowley\Desktop\Star Wars\GameSolution\Game\Debug\link.14816-rc.write.1.tlog
C:\Users\jrowley\Desktop\Star Wars\GameSolution\Game\Debug\link.14816.read.1.tlog
C:\Users\jrowley\Desktop\Star Wars\GameSolution\Game\Debug\link.14816.write.1.tlog
C:\Users\jrowley\Desktop\Star Wars\GameSolution\Game\Debug\link.15776-cvtres.read.1.tlog
C:\Users\jrowley\Desktop\Star Wars\GameSolution\Game\Debug\link.15776-cvtres.write.1.tlog
C:\Users\jrowley\Desktop\Star Wars\GameSolution\Game\Debug\link.15776-rc.read.1.tlog
C:\Users\jrowley\Desktop\Star Wars\GameSolution\Game\Debug\link.15776-rc.write.1.tlog
C:\Users\jrowley\Desktop\Star Wars\GameSolution\Game\Debug\link.15776.read.1.tlog
C:\Users\jrowley\Desktop\Star Wars\GameSolution\Game\Debug\link.15776.write.1.tlog
C:\Users\jrowley\Desktop\Star Wars\GameSolution\Game\Debug\link.18560-cvtres.read.1.tlog
C:\Users\jrowley\Desktop\Star Wars\GameSolution\Game\Debug\link.18560-cvtres.write.1.tlog
C:\Users\jrowley\Desktop\Star Wars\GameSolution\Game\Debug\link.18560-rc.read.1.tlog
C:\Users\jrowley\Desktop\Star Wars\GameSolution\Game\Debug\link.18560-rc.write.1.tlog
C:\Users\jrowley\Desktop\Star Wars\GameSolution\Game\Debug\link.18560.read.1.tlog
C:\Users\jrowley\Desktop\Star Wars\GameSolution\Game\Debug\link.18560.write.1.tlog
C:\Users\jrowley\Desktop\Star Wars\GameSolution\Game\Debug\link.20156-cvtres.read.1.tlog
C:\Users\jrowley\Desktop\Star Wars\GameSolution\Game\Debug\link.20156-cvtres.write.1.tlog
C:\Users\jrowley\Desktop\Star Wars\GameSolution\Game\Debug\link.20156-rc.read.1.tlog
C:\Users\jrowley\Desktop\Star Wars\GameSolution\Game\Debug\link.20156-rc.write.1.tlog
C:\Users\jrowley\Desktop\Star Wars\GameSolution\Game\Debug\link.20156.read.1.tlog
C:\Users\jrowley\Desktop\Star Wars\GameSolution\Game\Debug\link.20156.write.1.tlog
C:\Users\jrowley\Desktop\Star Wars\GameSolution\Game\Debug\link.20972-cvtres.read.1.tlog
C:\Users\jrowley\Desktop\Star Wars\GameSolution\Game\Debug\link.20972-cvtres.write.1.tlog
C:\Users\jrowley\Desktop\Star Wars\GameSolution\Game\Debug\link.20972-rc.read.1.tlog
C:\Users\jrowley\Desktop\Star Wars\GameSolution\Game\Debug\link.20972-rc.write.1.tlog
C:\Users\jrowley\Desktop\Star Wars\GameSolution\Game\Debug\link.20972.read.1.tlog
C:\Users\jrowley\Desktop\Star Wars\GameSolution\Game\Debug\link.20972.write.1.tlog
C:\Users\jrowley\Desktop\Star Wars\GameSolution\Game\Debug\link.23596-cvtres.read.1.tlog
C:\Users\jrowley\Desktop\Star Wars\GameSolution\Game\Debug\link.23596-cvtres.write.1.tlog
C:\Users\jrowley\Desktop\Star Wars\GameSolution\Game\Debug\link.23596-rc.read.1.tlog
C:\Users\jrowley\Desktop\Star Wars\GameSolution\Game\Debug\link.23596-rc.write.1.tlog
C:\Users\jrowley\Desktop\Star Wars\GameSolution\Game\Debug\link.23596.read.1.tlog
C:\Users\jrowley\Desktop\Star Wars\GameSolution\Game\Debug\link.23596.write.1.tlog
C:\Users\jrowley\Desktop\Star Wars\GameSolution\Game\Debug\link.23784-cvtres.read.1.tlog
C:\Users\jrowley\Desktop\Star Wars\GameSolution\Game\Debug\link.23784-cvtres.write.1.tlog
C:\Users\jrowley\Desktop\Star Wars\GameSolution\Game\Debug\link.23784-rc.read.1.tlog
C:\Users\jrowley\Desktop\Star Wars\GameSolution\Game\Debug\link.23784-rc.write.1.tlog
C:\Users\jrowley\Desktop\Star Wars\GameSolution\Game\Debug\link.23784.read.1.tlog
C:\Users\jrowley\Desktop\Star Wars\GameSolution\Game\Debug\link.23784.write.1.tlog
C:\Users\jrowley\Desktop\Star Wars\GameSolution\Game\Debug\link.25164-cvtres.read.1.tlog
C:\Users\jrowley\Desktop\Star Wars\GameSolution\Game\Debug\link.25164-cvtres.write.1.tlog
C:\Users\jrowley\Desktop\Star Wars\GameSolution\Game\Debug\link.25164-rc.read.1.tlog
C:\Users\jrowley\Desktop\Star Wars\GameSolution\Game\Debug\link.25164-rc.write.1.tlog
C:\Users\jrowley\Desktop\Star Wars\GameSolution\Game\Debug\link.25164.read.1.tlog
C:\Users\jrowley\Desktop\Star Wars\GameSolution\Game\Debug\link.25164.write.1.tlog
C:\Users\jrowley\Desktop\Star Wars\GameSolution\Game\Debug\link.25764-cvtres.read.1.tlog
C:\Users\jrowley\Desktop\Star Wars\GameSolution\Game\Debug\link.25764-cvtres.write.1.tlog
C:\Users\jrowley\Desktop\Star Wars\GameSolution\Game\Debug\link.25764-rc.read.1.tlog
C:\Users\jrowley\Desktop\Star Wars\GameSolution\Game\Debug\link.25764-rc.write.1.tlog
C:\Users\jrowley\Desktop\Star Wars\GameSolution\Game\Debug\link.25764.read.1.tlog
C:\Users\jrowley\Desktop\Star Wars\GameSolution\Game\Debug\link.25764.write.1.tlog
C:\Users\jrowley\Desktop\Star Wars\GameSolution\Game\Debug\link.command.1.tlog
C:\Users\jrowley\Desktop\Star Wars\GameSolution\Game\Debug\link.read.1.tlog
C:\Users\jrowley\Desktop\Star Wars\GameSolution\Game\Debug\link.write.1.tlog
C:\Users\jrowley\Desktop\Star Wars\GameSolution\Game\Debug\vc110.idb
C:\Users\jrowley\Desktop\Star Wars\GameSolution\Game\Debug\vc110.pdb
C:\Users\jrowley\Desktop\Star Wars\GameSolution\Debug\Game.pdb
C:\Users\jrowley\Desktop\Star Wars\GameSolution\Debug\Game.exe
C:\Users\jrowley\Desktop\Star Wars\GameSolution\Debug\Game.ilk
